[2015-06-25 01:01:30,951][WARN ][http.netty               ] [Green Goblin IV] Caught exception while handling client http traffic, closing connection [id: 0xcaaa58fb, /172.20.10.3:59449 => /172.20.10.3:9200]
java.io.IOException: Une connexion existante a dû être fermée par l’hôte distant
	at sun.nio.ch.SocketDispatcher.read0(Native Method)
	at sun.nio.ch.SocketDispatcher.read(Unknown Source)
	at sun.nio.ch.IOUtil.readIntoNativeBuffer(Unknown Source)
	at sun.nio.ch.IOUtil.read(Unknown Source)
	at sun.nio.ch.SocketChannelImpl.read(Unknown Source)
	at org.elasticsearch.common.netty.channel.socket.nio.NioWorker.read(NioWorker.java:64)
	at org.elasticsearch.common.netty.channel.socket.nio.AbstractNioWorker.process(AbstractNioWorker.java:108)
	at org.elasticsearch.common.netty.channel.socket.nio.AbstractNioSelector.run(AbstractNioSelector.java:337)
	at org.elasticsearch.common.netty.channel.socket.nio.AbstractNioWorker.run(AbstractNioWorker.java:89)
	at org.elasticsearch.common.netty.channel.socket.nio.NioWorker.run(NioWorker.java:178)
	at org.elasticsearch.common.netty.util.ThreadRenamingRunnable.run(ThreadRenamingRunnable.java:108)
	at org.elasticsearch.common.netty.util.internal.DeadLockProofWorker$1.run(DeadLockProofWorker.java:42)
	at java.util.concurrent.ThreadPoolExecutor.runWorker(Unknown Source)
	at java.util.concurrent.ThreadPoolExecutor$Worker.run(Unknown Source)
	at java.lang.Thread.run(Unknown Source)
[2015-06-25 02:00:02,715][INFO ][cluster.metadata         ] [Green Goblin IV] [.marvel-2015.06.25] creating index, cause [auto(bulk api)], templates [marvel], shards [1]/[1], mappings [_default_, shard_event, index_event, index_stats, node_event, routing_event, cluster_event, cluster_state, cluster_stats, node_stats, indices_stats]
[2015-06-25 02:00:06,377][INFO ][cluster.metadata         ] [Green Goblin IV] [.marvel-2015.06.25] update_mapping [node_stats] (dynamic)
[2015-06-25 02:00:07,693][INFO ][cluster.metadata         ] [Green Goblin IV] [.marvel-2015.06.25] update_mapping [cluster_event] (dynamic)
[2015-06-25 02:00:07,788][INFO ][cluster.metadata         ] [Green Goblin IV] [.marvel-2015.06.25] update_mapping [cluster_state] (dynamic)
[2015-06-25 02:00:08,177][INFO ][cluster.metadata         ] [Green Goblin IV] [.marvel-2015.06.25] update_mapping [routing_event] (dynamic)
[2015-06-25 02:00:09,024][INFO ][cluster.metadata         ] [Green Goblin IV] [.marvel-2015.06.25] update_mapping [index_event] (dynamic)
[2015-06-25 02:00:09,147][INFO ][cluster.metadata         ] [Green Goblin IV] [.marvel-2015.06.25] update_mapping [index_stats] (dynamic)
[2015-06-25 02:00:09,329][INFO ][cluster.metadata         ] [Green Goblin IV] [.marvel-2015.06.25] update_mapping [indices_stats] (dynamic)
[2015-06-25 02:00:09,614][INFO ][cluster.metadata         ] [Green Goblin IV] [.marvel-2015.06.25] update_mapping [cluster_stats] (dynamic)
[2015-06-25 06:37:48,408][WARN ][transport.netty          ] [Green Goblin IV] exception caught on transport layer [[id: 0x7730b2fc, /192.168.125.1:57641 => SEVERUS/192.168.125.1:9300]], closing connection
java.io.IOException: Une connexion existante a dû être fermée par l’hôte distant
	at sun.nio.ch.SocketDispatcher.read0(Native Method)
	at sun.nio.ch.SocketDispatcher.read(Unknown Source)
	at sun.nio.ch.IOUtil.readIntoNativeBuffer(Unknown Source)
	at sun.nio.ch.IOUtil.read(Unknown Source)
	at sun.nio.ch.SocketChannelImpl.read(Unknown Source)
	at org.elasticsearch.common.netty.channel.socket.nio.NioWorker.read(NioWorker.java:64)
	at org.elasticsearch.common.netty.channel.socket.nio.AbstractNioWorker.process(AbstractNioWorker.java:108)
	at org.elasticsearch.common.netty.channel.socket.nio.AbstractNioSelector.run(AbstractNioSelector.java:337)
	at org.elasticsearch.common.netty.channel.socket.nio.AbstractNioWorker.run(AbstractNioWorker.java:89)
	at org.elasticsearch.common.netty.channel.socket.nio.NioWorker.run(NioWorker.java:178)
	at org.elasticsearch.common.netty.util.ThreadRenamingRunnable.run(ThreadRenamingRunnable.java:108)
	at org.elasticsearch.common.netty.util.internal.DeadLockProofWorker$1.run(DeadLockProofWorker.java:42)
	at java.util.concurrent.ThreadPoolExecutor.runWorker(Unknown Source)
	at java.util.concurrent.ThreadPoolExecutor$Worker.run(Unknown Source)
	at java.lang.Thread.run(Unknown Source)
[2015-06-25 06:37:48,438][WARN ][http.netty               ] [Green Goblin IV] Caught exception while handling client http traffic, closing connection [id: 0x6feaa1dd, /192.168.191.1:57054 => /192.168.191.1:9200]
java.io.IOException: Une connexion existante a dû être fermée par l’hôte distant
	at sun.nio.ch.SocketDispatcher.read0(Native Method)
	at sun.nio.ch.SocketDispatcher.read(Unknown Source)
	at sun.nio.ch.IOUtil.readIntoNativeBuffer(Unknown Source)
	at sun.nio.ch.IOUtil.read(Unknown Source)
	at sun.nio.ch.SocketChannelImpl.read(Unknown Source)
	at org.elasticsearch.common.netty.channel.socket.nio.NioWorker.read(NioWorker.java:64)
	at org.elasticsearch.common.netty.channel.socket.nio.AbstractNioWorker.process(AbstractNioWorker.java:108)
	at org.elasticsearch.common.netty.channel.socket.nio.AbstractNioSelector.run(AbstractNioSelector.java:337)
	at org.elasticsearch.common.netty.channel.socket.nio.AbstractNioWorker.run(AbstractNioWorker.java:89)
	at org.elasticsearch.common.netty.channel.socket.nio.NioWorker.run(NioWorker.java:178)
	at org.elasticsearch.common.netty.util.ThreadRenamingRunnable.run(ThreadRenamingRunnable.java:108)
	at org.elasticsearch.common.netty.util.internal.DeadLockProofWorker$1.run(DeadLockProofWorker.java:42)
	at java.util.concurrent.ThreadPoolExecutor.runWorker(Unknown Source)
	at java.util.concurrent.ThreadPoolExecutor$Worker.run(Unknown Source)
	at java.lang.Thread.run(Unknown Source)
[2015-06-25 06:37:48,409][WARN ][transport.netty          ] [Green Goblin IV] exception caught on transport layer [[id: 0x13ef3144, /192.168.125.1:57640 => /192.168.125.1:9300]], closing connection
java.io.IOException: Une connexion existante a dû être fermée par l’hôte distant
	at sun.nio.ch.SocketDispatcher.read0(Native Method)
	at sun.nio.ch.SocketDispatcher.read(Unknown Source)
	at sun.nio.ch.IOUtil.readIntoNativeBuffer(Unknown Source)
	at sun.nio.ch.IOUtil.read(Unknown Source)
	at sun.nio.ch.SocketChannelImpl.read(Unknown Source)
	at org.elasticsearch.common.netty.channel.socket.nio.NioWorker.read(NioWorker.java:64)
	at org.elasticsearch.common.netty.channel.socket.nio.AbstractNioWorker.process(AbstractNioWorker.java:108)
	at org.elasticsearch.common.netty.channel.socket.nio.AbstractNioSelector.run(AbstractNioSelector.java:337)
	at org.elasticsearch.common.netty.channel.socket.nio.AbstractNioWorker.run(AbstractNioWorker.java:89)
	at org.elasticsearch.common.netty.channel.socket.nio.NioWorker.run(NioWorker.java:178)
	at org.elasticsearch.common.netty.util.ThreadRenamingRunnable.run(ThreadRenamingRunnable.java:108)
	at org.elasticsearch.common.netty.util.internal.DeadLockProofWorker$1.run(DeadLockProofWorker.java:42)
	at java.util.concurrent.ThreadPoolExecutor.runWorker(Unknown Source)
	at java.util.concurrent.ThreadPoolExecutor$Worker.run(Unknown Source)
	at java.lang.Thread.run(Unknown Source)
[2015-06-25 06:37:48,413][WARN ][transport.netty          ] [Green Goblin IV] exception caught on transport layer [[id: 0x8cf099c2, /192.168.125.1:57643 => /192.168.125.1:9300]], closing connection
java.io.IOException: Une connexion existante a dû être fermée par l’hôte distant
	at sun.nio.ch.SocketDispatcher.read0(Native Method)
	at sun.nio.ch.SocketDispatcher.read(Unknown Source)
	at sun.nio.ch.IOUtil.readIntoNativeBuffer(Unknown Source)
	at sun.nio.ch.IOUtil.read(Unknown Source)
	at sun.nio.ch.SocketChannelImpl.read(Unknown Source)
	at org.elasticsearch.common.netty.channel.socket.nio.NioWorker.read(NioWorker.java:64)
	at org.elasticsearch.common.netty.channel.socket.nio.AbstractNioWorker.process(AbstractNioWorker.java:108)
	at org.elasticsearch.common.netty.channel.socket.nio.AbstractNioSelector.run(AbstractNioSelector.java:337)
	at org.elasticsearch.common.netty.channel.socket.nio.AbstractNioWorker.run(AbstractNioWorker.java:89)
	at org.elasticsearch.common.netty.channel.socket.nio.NioWorker.run(NioWorker.java:178)
	at org.elasticsearch.common.netty.util.ThreadRenamingRunnable.run(ThreadRenamingRunnable.java:108)
	at org.elasticsearch.common.netty.util.internal.DeadLockProofWorker$1.run(DeadLockProofWorker.java:42)
	at java.util.concurrent.ThreadPoolExecutor.runWorker(Unknown Source)
	at java.util.concurrent.ThreadPoolExecutor$Worker.run(Unknown Source)
	at java.lang.Thread.run(Unknown Source)
[2015-06-25 06:37:49,626][WARN ][transport.netty          ] [Green Goblin IV] exception caught on transport layer [[id: 0x8ac5195e, /192.168.125.1:57631 => /192.168.125.1:9300]], closing connection
java.io.IOException: Une connexion existante a dû être fermée par l’hôte distant
	at sun.nio.ch.SocketDispatcher.read0(Native Method)
	at sun.nio.ch.SocketDispatcher.read(Unknown Source)
	at sun.nio.ch.IOUtil.readIntoNativeBuffer(Unknown Source)
	at sun.nio.ch.IOUtil.read(Unknown Source)
	at sun.nio.ch.SocketChannelImpl.read(Unknown Source)
	at org.elasticsearch.common.netty.channel.socket.nio.NioWorker.read(NioWorker.java:64)
	at org.elasticsearch.common.netty.channel.socket.nio.AbstractNioWorker.process(AbstractNioWorker.java:108)
	at org.elasticsearch.common.netty.channel.socket.nio.AbstractNioSelector.run(AbstractNioSelector.java:337)
	at org.elasticsearch.common.netty.channel.socket.nio.AbstractNioWorker.run(AbstractNioWorker.java:89)
	at org.elasticsearch.common.netty.channel.socket.nio.NioWorker.run(NioWorker.java:178)
	at org.elasticsearch.common.netty.util.ThreadRenamingRunnable.run(ThreadRenamingRunnable.java:108)
	at org.elasticsearch.common.netty.util.internal.DeadLockProofWorker$1.run(DeadLockProofWorker.java:42)
	at java.util.concurrent.ThreadPoolExecutor.runWorker(Unknown Source)
	at java.util.concurrent.ThreadPoolExecutor$Worker.run(Unknown Source)
	at java.lang.Thread.run(Unknown Source)
[2015-06-25 06:37:49,646][WARN ][transport.netty          ] [Green Goblin IV] exception caught on transport layer [[id: 0x20cc609f, /192.168.125.1:57639 => /192.168.125.1:9300]], closing connection
java.io.IOException: Une connexion existante a dû être fermée par l’hôte distant
	at sun.nio.ch.SocketDispatcher.read0(Native Method)
	at sun.nio.ch.SocketDispatcher.read(Unknown Source)
	at sun.nio.ch.IOUtil.readIntoNativeBuffer(Unknown Source)
	at sun.nio.ch.IOUtil.read(Unknown Source)
	at sun.nio.ch.SocketChannelImpl.read(Unknown Source)
	at org.elasticsearch.common.netty.channel.socket.nio.NioWorker.read(NioWorker.java:64)
	at org.elasticsearch.common.netty.channel.socket.nio.AbstractNioWorker.process(AbstractNioWorker.java:108)
	at org.elasticsearch.common.netty.channel.socket.nio.AbstractNioSelector.run(AbstractNioSelector.java:337)
	at org.elasticsearch.common.netty.channel.socket.nio.AbstractNioWorker.run(AbstractNioWorker.java:89)
	at org.elasticsearch.common.netty.channel.socket.nio.NioWorker.run(NioWorker.java:178)
	at org.elasticsearch.common.netty.util.ThreadRenamingRunnable.run(ThreadRenamingRunnable.java:108)
	at org.elasticsearch.common.netty.util.internal.DeadLockProofWorker$1.run(DeadLockProofWorker.java:42)
	at java.util.concurrent.ThreadPoolExecutor.runWorker(Unknown Source)
	at java.util.concurrent.ThreadPoolExecutor$Worker.run(Unknown Source)
	at java.lang.Thread.run(Unknown Source)
[2015-06-25 06:37:49,660][WARN ][transport.netty          ] [Green Goblin IV] exception caught on transport layer [[id: 0x00cabc46, /192.168.125.1:57635 => /192.168.125.1:9300]], closing connection
java.io.IOException: Une connexion existante a dû être fermée par l’hôte distant
	at sun.nio.ch.SocketDispatcher.read0(Native Method)
	at sun.nio.ch.SocketDispatcher.read(Unknown Source)
	at sun.nio.ch.IOUtil.readIntoNativeBuffer(Unknown Source)
	at sun.nio.ch.IOUtil.read(Unknown Source)
	at sun.nio.ch.SocketChannelImpl.read(Unknown Source)
	at org.elasticsearch.common.netty.channel.socket.nio.NioWorker.read(NioWorker.java:64)
	at org.elasticsearch.common.netty.channel.socket.nio.AbstractNioWorker.process(AbstractNioWorker.java:108)
	at org.elasticsearch.common.netty.channel.socket.nio.AbstractNioSelector.run(AbstractNioSelector.java:337)
	at org.elasticsearch.common.netty.channel.socket.nio.AbstractNioWorker.run(AbstractNioWorker.java:89)
	at org.elasticsearch.common.netty.channel.socket.nio.NioWorker.run(NioWorker.java:178)
	at org.elasticsearch.common.netty.util.ThreadRenamingRunnable.run(ThreadRenamingRunnable.java:108)
	at org.elasticsearch.common.netty.util.internal.DeadLockProofWorker$1.run(DeadLockProofWorker.java:42)
	at java.util.concurrent.ThreadPoolExecutor.runWorker(Unknown Source)
	at java.util.concurrent.ThreadPoolExecutor$Worker.run(Unknown Source)
	at java.lang.Thread.run(Unknown Source)
[2015-06-25 06:37:48,413][WARN ][transport.netty          ] [Green Goblin IV] exception caught on transport layer [[id: 0xb394bdc0, /192.168.125.1:57638 => SEVERUS/192.168.125.1:9300]], closing connection
java.io.IOException: Une connexion existante a dû être fermée par l’hôte distant
	at sun.nio.ch.SocketDispatcher.read0(Native Method)
	at sun.nio.ch.SocketDispatcher.read(Unknown Source)
	at sun.nio.ch.IOUtil.readIntoNativeBuffer(Unknown Source)
	at sun.nio.ch.IOUtil.read(Unknown Source)
	at sun.nio.ch.SocketChannelImpl.read(Unknown Source)
	at org.elasticsearch.common.netty.channel.socket.nio.NioWorker.read(NioWorker.java:64)
	at org.elasticsearch.common.netty.channel.socket.nio.AbstractNioWorker.process(AbstractNioWorker.java:108)
	at org.elasticsearch.common.netty.channel.socket.nio.AbstractNioSelector.run(AbstractNioSelector.java:337)
	at org.elasticsearch.common.netty.channel.socket.nio.AbstractNioWorker.run(AbstractNioWorker.java:89)
	at org.elasticsearch.common.netty.channel.socket.nio.NioWorker.run(NioWorker.java:178)
	at org.elasticsearch.common.netty.util.ThreadRenamingRunnable.run(ThreadRenamingRunnable.java:108)
	at org.elasticsearch.common.netty.util.internal.DeadLockProofWorker$1.run(DeadLockProofWorker.java:42)
	at java.util.concurrent.ThreadPoolExecutor.runWorker(Unknown Source)
	at java.util.concurrent.ThreadPoolExecutor$Worker.run(Unknown Source)
	at java.lang.Thread.run(Unknown Source)
[2015-06-25 06:37:48,412][WARN ][transport.netty          ] [Green Goblin IV] exception caught on transport layer [[id: 0xe3df880c, /192.168.125.1:57635 => SEVERUS/192.168.125.1:9300]], closing connection
java.io.IOException: Une connexion existante a dû être fermée par l’hôte distant
	at sun.nio.ch.SocketDispatcher.read0(Native Method)
	at sun.nio.ch.SocketDispatcher.read(Unknown Source)
	at sun.nio.ch.IOUtil.readIntoNativeBuffer(Unknown Source)
	at sun.nio.ch.IOUtil.read(Unknown Source)
	at sun.nio.ch.SocketChannelImpl.read(Unknown Source)
	at org.elasticsearch.common.netty.channel.socket.nio.NioWorker.read(NioWorker.java:64)
	at org.elasticsearch.common.netty.channel.socket.nio.AbstractNioWorker.process(AbstractNioWorker.java:108)
	at org.elasticsearch.common.netty.channel.socket.nio.AbstractNioSelector.run(AbstractNioSelector.java:337)
	at org.elasticsearch.common.netty.channel.socket.nio.AbstractNioWorker.run(AbstractNioWorker.java:89)
	at org.elasticsearch.common.netty.channel.socket.nio.NioWorker.run(NioWorker.java:178)
	at org.elasticsearch.common.netty.util.ThreadRenamingRunnable.run(ThreadRenamingRunnable.java:108)
	at org.elasticsearch.common.netty.util.internal.DeadLockProofWorker$1.run(DeadLockProofWorker.java:42)
	at java.util.concurrent.ThreadPoolExecutor.runWorker(Unknown Source)
	at java.util.concurrent.ThreadPoolExecutor$Worker.run(Unknown Source)
	at java.lang.Thread.run(Unknown Source)
[2015-06-25 06:37:48,412][WARN ][transport.netty          ] [Green Goblin IV] exception caught on transport layer [[id: 0x290ecaf3, /192.168.125.1:57632 => SEVERUS/192.168.125.1:9300]], closing connection
java.io.IOException: Une connexion existante a dû être fermée par l’hôte distant
	at sun.nio.ch.SocketDispatcher.read0(Native Method)
	at sun.nio.ch.SocketDispatcher.read(Unknown Source)
	at sun.nio.ch.IOUtil.readIntoNativeBuffer(Unknown Source)
	at sun.nio.ch.IOUtil.read(Unknown Source)
	at sun.nio.ch.SocketChannelImpl.read(Unknown Source)
	at org.elasticsearch.common.netty.channel.socket.nio.NioWorker.read(NioWorker.java:64)
	at org.elasticsearch.common.netty.channel.socket.nio.AbstractNioWorker.process(AbstractNioWorker.java:108)
	at org.elasticsearch.common.netty.channel.socket.nio.AbstractNioSelector.run(AbstractNioSelector.java:337)
	at org.elasticsearch.common.netty.channel.socket.nio.AbstractNioWorker.run(AbstractNioWorker.java:89)
	at org.elasticsearch.common.netty.channel.socket.nio.NioWorker.run(NioWorker.java:178)
	at org.elasticsearch.common.netty.util.ThreadRenamingRunnable.run(ThreadRenamingRunnable.java:108)
	at org.elasticsearch.common.netty.util.internal.DeadLockProofWorker$1.run(DeadLockProofWorker.java:42)
	at java.util.concurrent.ThreadPoolExecutor.runWorker(Unknown Source)
	at java.util.concurrent.ThreadPoolExecutor$Worker.run(Unknown Source)
	at java.lang.Thread.run(Unknown Source)
[2015-06-25 06:37:48,411][WARN ][transport.netty          ] [Green Goblin IV] exception caught on transport layer [[id: 0x9e9a9f0e, /192.168.125.1:57638 => /192.168.125.1:9300]], closing connection
java.io.IOException: Une connexion existante a dû être fermée par l’hôte distant
	at sun.nio.ch.SocketDispatcher.read0(Native Method)
	at sun.nio.ch.SocketDispatcher.read(Unknown Source)
	at sun.nio.ch.IOUtil.readIntoNativeBuffer(Unknown Source)
	at sun.nio.ch.IOUtil.read(Unknown Source)
	at sun.nio.ch.SocketChannelImpl.read(Unknown Source)
	at org.elasticsearch.common.netty.channel.socket.nio.NioWorker.read(NioWorker.java:64)
	at org.elasticsearch.common.netty.channel.socket.nio.AbstractNioWorker.process(AbstractNioWorker.java:108)
	at org.elasticsearch.common.netty.channel.socket.nio.AbstractNioSelector.run(AbstractNioSelector.java:337)
	at org.elasticsearch.common.netty.channel.socket.nio.AbstractNioWorker.run(AbstractNioWorker.java:89)
	at org.elasticsearch.common.netty.channel.socket.nio.NioWorker.run(NioWorker.java:178)
	at org.elasticsearch.common.netty.util.ThreadRenamingRunnable.run(ThreadRenamingRunnable.java:108)
	at org.elasticsearch.common.netty.util.internal.DeadLockProofWorker$1.run(DeadLockProofWorker.java:42)
	at java.util.concurrent.ThreadPoolExecutor.runWorker(Unknown Source)
	at java.util.concurrent.ThreadPoolExecutor$Worker.run(Unknown Source)
	at java.lang.Thread.run(Unknown Source)
[2015-06-25 06:37:48,411][WARN ][transport.netty          ] [Green Goblin IV] exception caught on transport layer [[id: 0xd0144d7c, /192.168.125.1:57637 => /192.168.125.1:9300]], closing connection
java.io.IOException: Une connexion existante a dû être fermée par l’hôte distant
	at sun.nio.ch.SocketDispatcher.read0(Native Method)
	at sun.nio.ch.SocketDispatcher.read(Unknown Source)
	at sun.nio.ch.IOUtil.readIntoNativeBuffer(Unknown Source)
	at sun.nio.ch.IOUtil.read(Unknown Source)
	at sun.nio.ch.SocketChannelImpl.read(Unknown Source)
	at org.elasticsearch.common.netty.channel.socket.nio.NioWorker.read(NioWorker.java:64)
	at org.elasticsearch.common.netty.channel.socket.nio.AbstractNioWorker.process(AbstractNioWorker.java:108)
	at org.elasticsearch.common.netty.channel.socket.nio.AbstractNioSelector.run(AbstractNioSelector.java:337)
	at org.elasticsearch.common.netty.channel.socket.nio.AbstractNioWorker.run(AbstractNioWorker.java:89)
	at org.elasticsearch.common.netty.channel.socket.nio.NioWorker.run(NioWorker.java:178)
	at org.elasticsearch.common.netty.util.ThreadRenamingRunnable.run(ThreadRenamingRunnable.java:108)
	at org.elasticsearch.common.netty.util.internal.DeadLockProofWorker$1.run(DeadLockProofWorker.java:42)
	at java.util.concurrent.ThreadPoolExecutor.runWorker(Unknown Source)
	at java.util.concurrent.ThreadPoolExecutor$Worker.run(Unknown Source)
	at java.lang.Thread.run(Unknown Source)
[2015-06-25 06:37:49,725][WARN ][transport.netty          ] [Green Goblin IV] exception caught on transport layer [[id: 0x57bee9db, /192.168.125.1:57633 => /192.168.125.1:9300]], closing connection
java.io.IOException: Une connexion existante a dû être fermée par l’hôte distant
	at sun.nio.ch.SocketDispatcher.read0(Native Method)
	at sun.nio.ch.SocketDispatcher.read(Unknown Source)
	at sun.nio.ch.IOUtil.readIntoNativeBuffer(Unknown Source)
	at sun.nio.ch.IOUtil.read(Unknown Source)
	at sun.nio.ch.SocketChannelImpl.read(Unknown Source)
	at org.elasticsearch.common.netty.channel.socket.nio.NioWorker.read(NioWorker.java:64)
	at org.elasticsearch.common.netty.channel.socket.nio.AbstractNioWorker.process(AbstractNioWorker.java:108)
	at org.elasticsearch.common.netty.channel.socket.nio.AbstractNioSelector.run(AbstractNioSelector.java:337)
	at org.elasticsearch.common.netty.channel.socket.nio.AbstractNioWorker.run(AbstractNioWorker.java:89)
	at org.elasticsearch.common.netty.channel.socket.nio.NioWorker.run(NioWorker.java:178)
	at org.elasticsearch.common.netty.util.ThreadRenamingRunnable.run(ThreadRenamingRunnable.java:108)
	at org.elasticsearch.common.netty.util.internal.DeadLockProofWorker$1.run(DeadLockProofWorker.java:42)
	at java.util.concurrent.ThreadPoolExecutor.runWorker(Unknown Source)
	at java.util.concurrent.ThreadPoolExecutor$Worker.run(Unknown Source)
	at java.lang.Thread.run(Unknown Source)
[2015-06-25 06:37:49,734][WARN ][transport.netty          ] [Green Goblin IV] exception caught on transport layer [[id: 0x149bd938, /192.168.125.1:57641 => /192.168.125.1:9300]], closing connection
java.io.IOException: Une connexion existante a dû être fermée par l’hôte distant
	at sun.nio.ch.SocketDispatcher.read0(Native Method)
	at sun.nio.ch.SocketDispatcher.read(Unknown Source)
	at sun.nio.ch.IOUtil.readIntoNativeBuffer(Unknown Source)
	at sun.nio.ch.IOUtil.read(Unknown Source)
	at sun.nio.ch.SocketChannelImpl.read(Unknown Source)
	at org.elasticsearch.common.netty.channel.socket.nio.NioWorker.read(NioWorker.java:64)
	at org.elasticsearch.common.netty.channel.socket.nio.AbstractNioWorker.process(AbstractNioWorker.java:108)
	at org.elasticsearch.common.netty.channel.socket.nio.AbstractNioSelector.run(AbstractNioSelector.java:337)
	at org.elasticsearch.common.netty.channel.socket.nio.AbstractNioWorker.run(AbstractNioWorker.java:89)
	at org.elasticsearch.common.netty.channel.socket.nio.NioWorker.run(NioWorker.java:178)
	at org.elasticsearch.common.netty.util.ThreadRenamingRunnable.run(ThreadRenamingRunnable.java:108)
	at org.elasticsearch.common.netty.util.internal.DeadLockProofWorker$1.run(DeadLockProofWorker.java:42)
	at java.util.concurrent.ThreadPoolExecutor.runWorker(Unknown Source)
	at java.util.concurrent.ThreadPoolExecutor$Worker.run(Unknown Source)
	at java.lang.Thread.run(Unknown Source)
[2015-06-25 06:37:49,717][WARN ][transport.netty          ] [Green Goblin IV] exception caught on transport layer [[id: 0x350ab8b8, /192.168.125.1:57634 => /192.168.125.1:9300]], closing connection
java.io.IOException: Une connexion existante a dû être fermée par l’hôte distant
	at sun.nio.ch.SocketDispatcher.read0(Native Method)
	at sun.nio.ch.SocketDispatcher.read(Unknown Source)
	at sun.nio.ch.IOUtil.readIntoNativeBuffer(Unknown Source)
	at sun.nio.ch.IOUtil.read(Unknown Source)
	at sun.nio.ch.SocketChannelImpl.read(Unknown Source)
	at org.elasticsearch.common.netty.channel.socket.nio.NioWorker.read(NioWorker.java:64)
	at org.elasticsearch.common.netty.channel.socket.nio.AbstractNioWorker.process(AbstractNioWorker.java:108)
	at org.elasticsearch.common.netty.channel.socket.nio.AbstractNioSelector.run(AbstractNioSelector.java:337)
	at org.elasticsearch.common.netty.channel.socket.nio.AbstractNioWorker.run(AbstractNioWorker.java:89)
	at org.elasticsearch.common.netty.channel.socket.nio.NioWorker.run(NioWorker.java:178)
	at org.elasticsearch.common.netty.util.ThreadRenamingRunnable.run(ThreadRenamingRunnable.java:108)
	at org.elasticsearch.common.netty.util.internal.DeadLockProofWorker$1.run(DeadLockProofWorker.java:42)
	at java.util.concurrent.ThreadPoolExecutor.runWorker(Unknown Source)
	at java.util.concurrent.ThreadPoolExecutor$Worker.run(Unknown Source)
	at java.lang.Thread.run(Unknown Source)
[2015-06-25 06:37:49,647][WARN ][transport.netty          ] [Green Goblin IV] exception caught on transport layer [[id: 0x0e51246f, /192.168.125.1:57637 => SEVERUS/192.168.125.1:9300]], closing connection
java.io.IOException: Une connexion existante a dû être fermée par l’hôte distant
	at sun.nio.ch.SocketDispatcher.read0(Native Method)
	at sun.nio.ch.SocketDispatcher.read(Unknown Source)
	at sun.nio.ch.IOUtil.readIntoNativeBuffer(Unknown Source)
	at sun.nio.ch.IOUtil.read(Unknown Source)
	at sun.nio.ch.SocketChannelImpl.read(Unknown Source)
	at org.elasticsearch.common.netty.channel.socket.nio.NioWorker.read(NioWorker.java:64)
	at org.elasticsearch.common.netty.channel.socket.nio.AbstractNioWorker.process(AbstractNioWorker.java:108)
	at org.elasticsearch.common.netty.channel.socket.nio.AbstractNioSelector.run(AbstractNioSelector.java:337)
	at org.elasticsearch.common.netty.channel.socket.nio.AbstractNioWorker.run(AbstractNioWorker.java:89)
	at org.elasticsearch.common.netty.channel.socket.nio.NioWorker.run(NioWorker.java:178)
	at org.elasticsearch.common.netty.util.ThreadRenamingRunnable.run(ThreadRenamingRunnable.java:108)
	at org.elasticsearch.common.netty.util.internal.DeadLockProofWorker$1.run(DeadLockProofWorker.java:42)
	at java.util.concurrent.ThreadPoolExecutor.runWorker(Unknown Source)
	at java.util.concurrent.ThreadPoolExecutor$Worker.run(Unknown Source)
	at java.lang.Thread.run(Unknown Source)
[2015-06-25 06:37:49,618][WARN ][transport.netty          ] [Green Goblin IV] exception caught on transport layer [[id: 0x4f6e0c38, /192.168.125.1:57632 => /192.168.125.1:9300]], closing connection
java.io.IOException: Une connexion existante a dû être fermée par l’hôte distant
	at sun.nio.ch.SocketDispatcher.read0(Native Method)
	at sun.nio.ch.SocketDispatcher.read(Unknown Source)
	at sun.nio.ch.IOUtil.readIntoNativeBuffer(Unknown Source)
	at sun.nio.ch.IOUtil.read(Unknown Source)
	at sun.nio.ch.SocketChannelImpl.read(Unknown Source)
	at org.elasticsearch.common.netty.channel.socket.nio.NioWorker.read(NioWorker.java:64)
	at org.elasticsearch.common.netty.channel.socket.nio.AbstractNioWorker.process(AbstractNioWorker.java:108)
	at org.elasticsearch.common.netty.channel.socket.nio.AbstractNioSelector.run(AbstractNioSelector.java:337)
	at org.elasticsearch.common.netty.channel.socket.nio.AbstractNioWorker.run(AbstractNioWorker.java:89)
	at org.elasticsearch.common.netty.channel.socket.nio.NioWorker.run(NioWorker.java:178)
	at org.elasticsearch.common.netty.util.ThreadRenamingRunnable.run(ThreadRenamingRunnable.java:108)
	at org.elasticsearch.common.netty.util.internal.DeadLockProofWorker$1.run(DeadLockProofWorker.java:42)
	at java.util.concurrent.ThreadPoolExecutor.runWorker(Unknown Source)
	at java.util.concurrent.ThreadPoolExecutor$Worker.run(Unknown Source)
	at java.lang.Thread.run(Unknown Source)
[2015-06-25 06:37:49,755][WARN ][transport.netty          ] [Green Goblin IV] exception caught on transport layer [[id: 0x1c5cd5fb, /192.168.125.1:57642 => /192.168.125.1:9300]], closing connection
java.io.IOException: Une connexion existante a dû être fermée par l’hôte distant
	at sun.nio.ch.SocketDispatcher.read0(Native Method)
	at sun.nio.ch.SocketDispatcher.read(Unknown Source)
	at sun.nio.ch.IOUtil.readIntoNativeBuffer(Unknown Source)
	at sun.nio.ch.IOUtil.read(Unknown Source)
	at sun.nio.ch.SocketChannelImpl.read(Unknown Source)
	at org.elasticsearch.common.netty.channel.socket.nio.NioWorker.read(NioWorker.java:64)
	at org.elasticsearch.common.netty.channel.socket.nio.AbstractNioWorker.process(AbstractNioWorker.java:108)
	at org.elasticsearch.common.netty.channel.socket.nio.AbstractNioSelector.run(AbstractNioSelector.java:337)
	at org.elasticsearch.common.netty.channel.socket.nio.AbstractNioWorker.run(AbstractNioWorker.java:89)
	at org.elasticsearch.common.netty.channel.socket.nio.NioWorker.run(NioWorker.java:178)
	at org.elasticsearch.common.netty.util.ThreadRenamingRunnable.run(ThreadRenamingRunnable.java:108)
	at org.elasticsearch.common.netty.util.internal.DeadLockProofWorker$1.run(DeadLockProofWorker.java:42)
	at java.util.concurrent.ThreadPoolExecutor.runWorker(Unknown Source)
	at java.util.concurrent.ThreadPoolExecutor$Worker.run(Unknown Source)
	at java.lang.Thread.run(Unknown Source)
[2015-06-25 06:37:49,768][WARN ][transport.netty          ] [Green Goblin IV] exception caught on transport layer [[id: 0xc46882d3, /192.168.125.1:57636 => /192.168.125.1:9300]], closing connection
java.io.IOException: Une connexion existante a dû être fermée par l’hôte distant
	at sun.nio.ch.SocketDispatcher.read0(Native Method)
	at sun.nio.ch.SocketDispatcher.read(Unknown Source)
	at sun.nio.ch.IOUtil.readIntoNativeBuffer(Unknown Source)
	at sun.nio.ch.IOUtil.read(Unknown Source)
	at sun.nio.ch.SocketChannelImpl.read(Unknown Source)
	at org.elasticsearch.common.netty.channel.socket.nio.NioWorker.read(NioWorker.java:64)
	at org.elasticsearch.common.netty.channel.socket.nio.AbstractNioWorker.process(AbstractNioWorker.java:108)
	at org.elasticsearch.common.netty.channel.socket.nio.AbstractNioSelector.run(AbstractNioSelector.java:337)
	at org.elasticsearch.common.netty.channel.socket.nio.AbstractNioWorker.run(AbstractNioWorker.java:89)
	at org.elasticsearch.common.netty.channel.socket.nio.NioWorker.run(NioWorker.java:178)
	at org.elasticsearch.common.netty.util.ThreadRenamingRunnable.run(ThreadRenamingRunnable.java:108)
	at org.elasticsearch.common.netty.util.internal.DeadLockProofWorker$1.run(DeadLockProofWorker.java:42)
	at java.util.concurrent.ThreadPoolExecutor.runWorker(Unknown Source)
	at java.util.concurrent.ThreadPoolExecutor$Worker.run(Unknown Source)
	at java.lang.Thread.run(Unknown Source)
